[debug] [2023-04-01T01:21:52.086Z] ----------------------------------------------------------------------
[debug] [2023-04-01T01:21:52.087Z] Command:       /Users/morgantrudeau/.nvm/versions/node/v14.18.2/bin/node /Users/morgantrudeau/.nvm/versions/node/v14.18.2/bin/firebase emulators:start --only functions
[debug] [2023-04-01T01:21:52.088Z] CLI Version:   11.19.0
[debug] [2023-04-01T01:21:52.088Z] Platform:      darwin
[debug] [2023-04-01T01:21:52.088Z] Node Version:  v14.18.2
[debug] [2023-04-01T01:21:52.089Z] Time:          Fri Mar 31 2023 18:21:52 GMT-0700 (Pacific Daylight Time)
[debug] [2023-04-01T01:21:52.089Z] ----------------------------------------------------------------------
[debug] 
[debug] [2023-04-01T01:21:52.169Z] > command requires scopes: ["email","openid","https://www.googleapis.com/auth/cloudplatformprojects.readonly","https://www.googleapis.com/auth/firebase","https://www.googleapis.com/auth/cloud-platform"]
[debug] [2023-04-01T01:21:52.170Z] > authorizing via signed-in user (morgantrudeau@gmail.com)
[info] i  emulators: Starting emulators: functions {"metadata":{"emulator":{"name":"hub"},"message":"Starting emulators: functions"}}
[debug] [2023-04-01T01:21:52.759Z] [logging] Logging Emulator only supports listening on one address (127.0.0.1). Not listening on ::1
[debug] [2023-04-01T01:21:52.759Z] assigned listening specs for emulators {"user":{"hub":[{"address":"127.0.0.1","family":"IPv4","port":4400},{"address":"::1","family":"IPv6","port":4400}],"ui":[{"address":"127.0.0.1","family":"IPv4","port":4000},{"address":"::1","family":"IPv6","port":4000}],"logging":[{"address":"127.0.0.1","family":"IPv4","port":4500}]},"metadata":{"message":"assigned listening specs for emulators"}}
[debug] [2023-04-01T01:21:52.772Z] [hub] writing locator at /var/folders/7l/50fxw1192011nfd1jz8m99pw0000gn/T/hub-reconogps.json
[debug] [2023-04-01T01:21:53.168Z] [functions] Functions Emulator only supports listening on one address (127.0.0.1). Not listening on ::1
[debug] [2023-04-01T01:21:53.169Z] [eventarc] Eventarc Emulator only supports listening on one address (127.0.0.1). Not listening on ::1
[debug] [2023-04-01T01:21:53.170Z] late-assigned ports for functions and eventarc emulators {"user":{"hub":[{"address":"127.0.0.1","family":"IPv4","port":4400},{"address":"::1","family":"IPv6","port":4400}],"ui":[{"address":"127.0.0.1","family":"IPv4","port":4000},{"address":"::1","family":"IPv6","port":4000}],"logging":[{"address":"127.0.0.1","family":"IPv4","port":4500}],"functions":[{"address":"127.0.0.1","family":"IPv4","port":5001}],"eventarc":[{"address":"127.0.0.1","family":"IPv4","port":9299}]},"metadata":{"message":"late-assigned ports for functions and eventarc emulators"}}
[warn] ⚠  functions: The following emulators are not running, calls to these services from the Functions emulator will affect production: auth, firestore, database, hosting, pubsub, storage {"metadata":{"emulator":{"name":"functions"},"message":"The following emulators are not running, calls to these services from the Functions emulator will affect production: \u001b[1mauth, firestore, database, hosting, pubsub, storage\u001b[22m"}}
[warn] ⚠  Your requested "node" version "16" doesn't match your global version "14". Using node@14 from host. {"metadata":{"emulator":{"name":"functions"},"message":"Your requested \"node\" version \"16\" doesn't match your global version \"14\". Using node@14 from host."}}
[debug] [2023-04-01T01:21:53.190Z] defaultcredentials: writing to file /Users/morgantrudeau/.config/firebase/morgantrudeau_gmail_com_application_default_credentials.json
[debug] [2023-04-01T01:21:53.193Z] Setting GAC to /Users/morgantrudeau/.config/firebase/morgantrudeau_gmail_com_application_default_credentials.json {"metadata":{"emulator":{"name":"functions"},"message":"Setting GAC to /Users/morgantrudeau/.config/firebase/morgantrudeau_gmail_com_application_default_credentials.json"}}
[debug] [2023-04-01T01:21:53.194Z] > refreshing access token with scopes: []
[debug] [2023-04-01T01:21:53.195Z] >>> [apiv2][query] POST https://www.googleapis.com/oauth2/v3/token [none]
[debug] [2023-04-01T01:21:53.195Z] >>> [apiv2][body] POST https://www.googleapis.com/oauth2/v3/token [omitted]
[debug] [2023-04-01T01:21:53.624Z] <<< [apiv2][status] POST https://www.googleapis.com/oauth2/v3/token 200
[debug] [2023-04-01T01:21:53.625Z] <<< [apiv2][body] POST https://www.googleapis.com/oauth2/v3/token [omitted]
[debug] [2023-04-01T01:21:53.649Z] >>> [apiv2][query] GET https://firebase.googleapis.com/v1beta1/projects/reconogps/adminSdkConfig [none]
[debug] [2023-04-01T01:21:54.032Z] <<< [apiv2][status] GET https://firebase.googleapis.com/v1beta1/projects/reconogps/adminSdkConfig 200
[debug] [2023-04-01T01:21:54.033Z] <<< [apiv2][body] GET https://firebase.googleapis.com/v1beta1/projects/reconogps/adminSdkConfig {"projectId":"reconogps","storageBucket":"reconogps.appspot.com"}
[debug] [2023-04-01T01:21:54.067Z] Ignoring unsupported arg: auto_download {"metadata":{"emulator":{"name":"ui"},"message":"Ignoring unsupported arg: auto_download"}}
[debug] [2023-04-01T01:21:54.067Z] Ignoring unsupported arg: port {"metadata":{"emulator":{"name":"ui"},"message":"Ignoring unsupported arg: port"}}
[debug] [2023-04-01T01:21:54.067Z] Starting Emulator UI with command {"binary":"node","args":["/Users/morgantrudeau/.cache/firebase/emulators/ui-v1.11.1/server/server.js"],"optionalArgs":[],"joinArgs":false} {"metadata":{"emulator":{"name":"ui"},"message":"Starting Emulator UI with command {\"binary\":\"node\",\"args\":[\"/Users/morgantrudeau/.cache/firebase/emulators/ui-v1.11.1/server/server.js\"],\"optionalArgs\":[],\"joinArgs\":false}"}}
[info] i  ui: Emulator UI logging to ui-debug.log {"metadata":{"emulator":{"name":"ui"},"message":"Emulator UI logging to \u001b[1mui-debug.log\u001b[22m"}}
[debug] [2023-04-01T01:21:54.200Z] Web / API server started at 127.0.0.1:4000
 {"metadata":{"emulator":{"name":"ui"},"message":"Web / API server started at 127.0.0.1:4000\n"}}
[debug] [2023-04-01T01:21:54.201Z] Web / API server started at ::1:4000
 {"metadata":{"emulator":{"name":"ui"},"message":"Web / API server started at ::1:4000\n"}}
[info] i  functions: Watching "/Users/morgantrudeau/projects/recono/functions" for Cloud Functions... {"metadata":{"emulator":{"name":"functions"},"message":"Watching \"/Users/morgantrudeau/projects/recono/functions\" for Cloud Functions..."}}
[debug] [2023-04-01T01:21:54.358Z] Validating nodejs source
[warn] ⚠  functions: package.json indicates an outdated version of firebase-functions. Please upgrade using npm install --save firebase-functions@latest in your functions directory. 
[warn] ⚠  functions: Please note that there will be breaking changes when you upgrade. 
[debug] [2023-04-01T01:21:54.951Z] > [functions] package.json contents: {
  "name": "functions",
  "scripts": {
    "lint": "eslint --ext .js,.ts .",
    "build": "tsc",
    "build:watch": "tsc --watch",
    "serve": "npm run build && firebase emulators:start --only functions",
    "shell": "npm run build && firebase functions:shell",
    "start": "npm run shell",
    "deploy": "firebase deploy --only functions",
    "logs": "firebase functions:log"
  },
  "engines": {
    "node": "16"
  },
  "main": "lib/index.js",
  "dependencies": {
    "axios": "^1.3.4",
    "firebase-admin": "^10.0.2",
    "firebase-functions": "^3.18.0",
    "form-data": "^4.0.0",
    "stripe": "^11.17.0"
  },
  "devDependencies": {
    "@typescript-eslint/eslint-plugin": "^5.12.0",
    "@typescript-eslint/parser": "^5.12.0",
    "eslint": "^8.9.0",
    "eslint-config-google": "^0.14.0",
    "eslint-plugin-import": "^2.25.4",
    "firebase-functions-test": "^0.2.0",
    "typescript": "^4.5.4"
  },
  "private": true
}
[debug] [2023-04-01T01:21:54.952Z] Building nodejs source
[debug] [2023-04-01T01:21:54.954Z] Could not find functions.yaml. Must use http discovery
[debug] [2023-04-01T01:21:55.151Z] Serving at port 9012

[debug] [2023-04-01T01:21:55.262Z] Got response from /__/functions.yaml {"endpoints":{"loadAssetActivationInfo":{"platform":"gcfv1","labels":{},"callableTrigger":{},"entryPoint":"loadAssetActivationInfo"},"createAccount":{"platform":"gcfv1","labels":{},"callableTrigger":{},"entryPoint":"createAccount"},"fetchSubscriptionProducts":{"platform":"gcfv1","labels":{},"callableTrigger":{},"entryPoint":"fetchSubscriptionProducts"},"createSubscriptionPaymentIntent":{"platform":"gcfv1","labels":{},"callableTrigger":{},"entryPoint":"createSubscriptionPaymentIntent"}},"specVersion":"v1alpha1","requiredAPIs":[]}
[debug] [2023-04-01T01:21:55.272Z] shutdown requested via /__/quitquitquit

[info] ✔  functions: Loaded functions definitions from source: loadAssetActivationInfo, createAccount, fetchSubscriptionProducts, createSubscriptionPaymentIntent. {"metadata":{"emulator":{"name":"functions"},"message":"Loaded functions definitions from source: loadAssetActivationInfo, createAccount, fetchSubscriptionProducts, createSubscriptionPaymentIntent."}}
[info] ✔  functions[us-central1-loadAssetActivationInfo]: http function initialized (http://127.0.0.1:5001/reconogps/us-central1/loadAssetActivationInfo). {"metadata":{"emulator":{"name":"functions"},"message":"\u001b[1mhttp\u001b[22m function initialized (http://127.0.0.1:5001/reconogps/us-central1/loadAssetActivationInfo)."}}
[info] ✔  functions[us-central1-createAccount]: http function initialized (http://127.0.0.1:5001/reconogps/us-central1/createAccount). {"metadata":{"emulator":{"name":"functions"},"message":"\u001b[1mhttp\u001b[22m function initialized (http://127.0.0.1:5001/reconogps/us-central1/createAccount)."}}
[info] ✔  functions[us-central1-fetchSubscriptionProducts]: http function initialized (http://127.0.0.1:5001/reconogps/us-central1/fetchSubscriptionProducts). {"metadata":{"emulator":{"name":"functions"},"message":"\u001b[1mhttp\u001b[22m function initialized (http://127.0.0.1:5001/reconogps/us-central1/fetchSubscriptionProducts)."}}
[info] ✔  functions[us-central1-createSubscriptionPaymentIntent]: http function initialized (http://127.0.0.1:5001/reconogps/us-central1/createSubscriptionPaymentIntent). {"metadata":{"emulator":{"name":"functions"},"message":"\u001b[1mhttp\u001b[22m function initialized (http://127.0.0.1:5001/reconogps/us-central1/createSubscriptionPaymentIntent)."}}
[info] 
┌─────────────────────────────────────────────────────────────┐
│ ✔  All emulators ready! It is now safe to connect your app. │
│ i  View Emulator UI at http://127.0.0.1:4000/               │
└─────────────────────────────────────────────────────────────┘

┌───────────┬────────────────┬─────────────────────────────────┐
│ Emulator  │ Host:Port      │ View in Emulator UI             │
├───────────┼────────────────┼─────────────────────────────────┤
│ Functions │ 127.0.0.1:5001 │ http://127.0.0.1:4000/functions │
└───────────┴────────────────┴─────────────────────────────────┘
  Emulator Hub running at 127.0.0.1:4400
  Other reserved ports: 4500

Issues? Report them at https://github.com/firebase/firebase-tools/issues and attach the *-debug.log files.
 
[debug] [2023-04-01T19:28:52.400Z] [work-queue] {"queuedWork":["/reconogps/us-central1/loadAssetActivationInfo-2023-04-01T19:28:52.399Z"],"queueLength":1,"runningWork":[],"workRunningCount":0}
[debug] [2023-04-01T19:28:52.402Z] [work-queue] {"queuedWork":[],"queueLength":0,"runningWork":["/reconogps/us-central1/loadAssetActivationInfo-2023-04-01T19:28:52.399Z"],"workRunningCount":1}
[debug] [2023-04-01T19:28:52.403Z] Accepted request POST /reconogps/us-central1/loadAssetActivationInfo --> us-central1-loadAssetActivationInfo
[debug] [2023-04-01T19:28:52.416Z] [functions] Runtime ready! Sending request! {"metadata":{"emulator":{"name":"functions"},"message":"[functions] Runtime ready! Sending request!"}}
[debug] [2023-04-01T19:28:52.417Z] [functions] Got req.url=/reconogps/us-central1/loadAssetActivationInfo, mapping to path=/ {"metadata":{"emulator":{"name":"functions"},"message":"[functions] Got req.url=/reconogps/us-central1/loadAssetActivationInfo, mapping to path=/"}}
[debug] [2023-04-01T19:28:52.442Z] [worker-pool] addWorker(us-central1-loadAssetActivationInfo) {"metadata":{"emulator":{"name":"functions"},"message":"[worker-pool] addWorker(us-central1-loadAssetActivationInfo)"}}
[debug] [2023-04-01T19:28:52.442Z] [worker-pool] Adding worker with key us-central1-loadAssetActivationInfo, total=1 {"metadata":{"emulator":{"name":"functions"},"message":"[worker-pool] Adding worker with key us-central1-loadAssetActivationInfo, total=1"}}
[debug] [2023-04-01T19:28:53.244Z] [runtime-status] [68199] Resolved module firebase-admin {"declared":true,"installed":true,"version":"10.3.0","resolution":"/Users/morgantrudeau/projects/recono/functions/node_modules/firebase-admin/lib/index.js"} {"metadata":{"emulator":{"name":"functions"},"function":{"name":"us-central1-loadAssetActivationInfo"},"extension":{},"message":"[runtime-status] [68199] Resolved module firebase-admin {\"declared\":true,\"installed\":true,\"version\":\"10.3.0\",\"resolution\":\"/Users/morgantrudeau/projects/recono/functions/node_modules/firebase-admin/lib/index.js\"}"}}
[debug] [2023-04-01T19:28:53.245Z] [runtime-status] [68199] Resolved module firebase-functions {"declared":true,"installed":true,"version":"3.24.1","resolution":"/Users/morgantrudeau/projects/recono/functions/node_modules/firebase-functions/lib/index.js"} {"metadata":{"emulator":{"name":"functions"},"function":{"name":"us-central1-loadAssetActivationInfo"},"extension":{},"message":"[runtime-status] [68199] Resolved module firebase-functions {\"declared\":true,\"installed\":true,\"version\":\"3.24.1\",\"resolution\":\"/Users/morgantrudeau/projects/recono/functions/node_modules/firebase-functions/lib/index.js\"}"}}
[debug] [2023-04-01T19:28:53.245Z] [runtime-status] [68199] Found local functions config: /Users/morgantrudeau/projects/recono/functions/.runtimeconfig.json {"metadata":{"emulator":{"name":"functions"},"function":{"name":"us-central1-loadAssetActivationInfo"},"extension":{},"message":"[runtime-status] [68199] Found local functions config: /Users/morgantrudeau/projects/recono/functions/.runtimeconfig.json"}}
[debug] [2023-04-01T19:28:53.245Z] [runtime-status] [68199] Outgoing network have been stubbed. [{"name":"http","status":"mocked"},{"name":"http","status":"mocked"},{"name":"https","status":"mocked"},{"name":"https","status":"mocked"},{"name":"net","status":"mocked"}] {"metadata":{"emulator":{"name":"functions"},"function":{"name":"us-central1-loadAssetActivationInfo"},"extension":{},"message":"[runtime-status] [68199] Outgoing network have been stubbed. [{\"name\":\"http\",\"status\":\"mocked\"},{\"name\":\"http\",\"status\":\"mocked\"},{\"name\":\"https\",\"status\":\"mocked\"},{\"name\":\"https\",\"status\":\"mocked\"},{\"name\":\"net\",\"status\":\"mocked\"}]"}}
[debug] [2023-04-01T19:28:53.245Z] [runtime-status] [68199] Resolved module firebase-functions {"declared":true,"installed":true,"version":"3.24.1","resolution":"/Users/morgantrudeau/projects/recono/functions/node_modules/firebase-functions/lib/index.js"} {"metadata":{"emulator":{"name":"functions"},"function":{"name":"us-central1-loadAssetActivationInfo"},"extension":{},"message":"[runtime-status] [68199] Resolved module firebase-functions {\"declared\":true,\"installed\":true,\"version\":\"3.24.1\",\"resolution\":\"/Users/morgantrudeau/projects/recono/functions/node_modules/firebase-functions/lib/index.js\"}"}}
[debug] [2023-04-01T19:28:53.280Z] [runtime-status] [68199] Checked functions.config() {"config":{"auth":{"password":"Lollipop0!","account":"reconogps"},"account":{"dealer_token":"c6406310-3acb-4944-b8ec-02bba22c1dc7"},"stripe":{"secret_key":"sk_test_51M1LLjCDBFeHvOGCX81BMHvCrfS2bN2OU9WimgZSF8PvoaWCLRkBFvmCMyrEvrGNB2Bqb6XJjE0YFOzdnG7Z0PQC00CMTms5Mu"}}} {"metadata":{"emulator":{"name":"functions"},"function":{"name":"us-central1-loadAssetActivationInfo"},"extension":{},"message":"[runtime-status] [68199] Checked functions.config() {\"config\":{\"auth\":{\"password\":\"Lollipop0!\",\"account\":\"reconogps\"},\"account\":{\"dealer_token\":\"c6406310-3acb-4944-b8ec-02bba22c1dc7\"},\"stripe\":{\"secret_key\":\"sk_test_51M1LLjCDBFeHvOGCX81BMHvCrfS2bN2OU9WimgZSF8PvoaWCLRkBFvmCMyrEvrGNB2Bqb6XJjE0YFOzdnG7Z0PQC00CMTms5Mu\"}}}"}}
[debug] [2023-04-01T19:28:53.281Z] [runtime-status] [68199] firebase-functions has been stubbed. {"functionsResolution":{"declared":true,"installed":true,"version":"3.24.1","resolution":"/Users/morgantrudeau/projects/recono/functions/node_modules/firebase-functions/lib/index.js"}} {"metadata":{"emulator":{"name":"functions"},"function":{"name":"us-central1-loadAssetActivationInfo"},"extension":{},"message":"[runtime-status] [68199] firebase-functions has been stubbed. {\"functionsResolution\":{\"declared\":true,\"installed\":true,\"version\":\"3.24.1\",\"resolution\":\"/Users/morgantrudeau/projects/recono/functions/node_modules/firebase-functions/lib/index.js\"}}"}}
[debug] [2023-04-01T19:28:53.281Z] [runtime-status] [68199] Resolved module firebase-functions {"declared":true,"installed":true,"version":"3.24.1","resolution":"/Users/morgantrudeau/projects/recono/functions/node_modules/firebase-functions/lib/index.js"} {"metadata":{"emulator":{"name":"functions"},"function":{"name":"us-central1-loadAssetActivationInfo"},"extension":{},"message":"[runtime-status] [68199] Resolved module firebase-functions {\"declared\":true,\"installed\":true,\"version\":\"3.24.1\",\"resolution\":\"/Users/morgantrudeau/projects/recono/functions/node_modules/firebase-functions/lib/index.js\"}"}}
[debug] [2023-04-01T19:28:53.281Z] [runtime-status] [68199] Resolved module firebase-admin {"declared":true,"installed":true,"version":"10.3.0","resolution":"/Users/morgantrudeau/projects/recono/functions/node_modules/firebase-admin/lib/index.js"} {"metadata":{"emulator":{"name":"functions"},"function":{"name":"us-central1-loadAssetActivationInfo"},"extension":{},"message":"[runtime-status] [68199] Resolved module firebase-admin {\"declared\":true,\"installed\":true,\"version\":\"10.3.0\",\"resolution\":\"/Users/morgantrudeau/projects/recono/functions/node_modules/firebase-admin/lib/index.js\"}"}}
[debug] [2023-04-01T19:28:53.281Z] [runtime-status] [68199] Resolved module firebase-functions {"declared":true,"installed":true,"version":"3.24.1","resolution":"/Users/morgantrudeau/projects/recono/functions/node_modules/firebase-functions/lib/index.js"} {"metadata":{"emulator":{"name":"functions"},"function":{"name":"us-central1-loadAssetActivationInfo"},"extension":{},"message":"[runtime-status] [68199] Resolved module firebase-functions {\"declared\":true,\"installed\":true,\"version\":\"3.24.1\",\"resolution\":\"/Users/morgantrudeau/projects/recono/functions/node_modules/firebase-functions/lib/index.js\"}"}}
[debug] [2023-04-01T19:28:53.282Z] [runtime-status] [68199] firebase-admin has been stubbed. {"adminResolution":{"declared":true,"installed":true,"version":"10.3.0","resolution":"/Users/morgantrudeau/projects/recono/functions/node_modules/firebase-admin/lib/index.js"}} {"metadata":{"emulator":{"name":"functions"},"function":{"name":"us-central1-loadAssetActivationInfo"},"extension":{},"message":"[runtime-status] [68199] firebase-admin has been stubbed. {\"adminResolution\":{\"declared\":true,\"installed\":true,\"version\":\"10.3.0\",\"resolution\":\"/Users/morgantrudeau/projects/recono/functions/node_modules/firebase-admin/lib/index.js\"}}"}}
[debug] [2023-04-01T19:28:53.344Z] [runtime-status] [68199] Functions runtime initialized. {"cwd":"/Users/morgantrudeau/projects/recono/functions","node_version":"14.18.2"} {"metadata":{"emulator":{"name":"functions"},"function":{"name":"us-central1-loadAssetActivationInfo"},"extension":{},"message":"[runtime-status] [68199] Functions runtime initialized. {\"cwd\":\"/Users/morgantrudeau/projects/recono/functions\",\"node_version\":\"14.18.2\"}"}}
[debug] [2023-04-01T19:28:53.345Z] [runtime-status] [68199] Listening to port: /var/folders/7l/50fxw1192011nfd1jz8m99pw0000gn/T/fire_emu_b3fd048ce1eb1653.sock {"metadata":{"emulator":{"name":"functions"},"function":{"name":"us-central1-loadAssetActivationInfo"},"extension":{},"message":"[runtime-status] [68199] Listening to port: /var/folders/7l/50fxw1192011nfd1jz8m99pw0000gn/T/fire_emu_b3fd048ce1eb1653.sock"}}
[debug] [2023-04-01T19:28:53.364Z] [worker-us-central1-loadAssetActivationInfo-b43be25a-b05b-4db2-92ff-fdd07e0e3673]: IDLE {"metadata":{"emulator":{"name":"functions"},"message":"[worker-us-central1-loadAssetActivationInfo-b43be25a-b05b-4db2-92ff-fdd07e0e3673]: IDLE"}}
[debug] [2023-04-01T19:28:53.365Z] [worker-pool] submitRequest(triggerId=us-central1-loadAssetActivationInfo) {"metadata":{"emulator":{"name":"functions"},"message":"[worker-pool] submitRequest(triggerId=us-central1-loadAssetActivationInfo)"}}
[debug] [2023-04-01T19:28:53.365Z] [worker-us-central1-loadAssetActivationInfo-b43be25a-b05b-4db2-92ff-fdd07e0e3673]: BUSY {"metadata":{"emulator":{"name":"functions"},"message":"[worker-us-central1-loadAssetActivationInfo-b43be25a-b05b-4db2-92ff-fdd07e0e3673]: BUSY"}}
[info] i  functions: Beginning execution of "loadAssetActivationInfo" {"metadata":{"emulator":{"name":"functions"},"function":{"name":"us-central1-loadAssetActivationInfo"},"extension":{},"message":"Beginning execution of \"loadAssetActivationInfo\""}}
[info] >  {"verifications":{"app":"MISSING","auth":"MISSING"},"logging.googleapis.com/labels":{"firebase-log-type":"callable-request-verification"},"severity":"INFO","message":"Callable request verification passed"} {"user":{"verifications":{"app":"MISSING","auth":"MISSING"},"logging.googleapis.com/labels":{"firebase-log-type":"callable-request-verification"},"severity":"INFO","message":"Callable request verification passed"},"metadata":{"emulator":{"name":"functions"},"function":{"name":"us-central1-loadAssetActivationInfo"},"extension":{},"message":"\u001b[90m> \u001b[39m {\"verifications\":{\"app\":\"MISSING\",\"auth\":\"MISSING\"},\"logging.googleapis.com/labels\":{\"firebase-log-type\":\"callable-request-verification\"},\"severity\":\"INFO\",\"message\":\"Callable request verification passed\"}"}}
[debug] [2023-04-01T19:28:53.376Z] [runtime-status] [68199] No callable functions auth found {"metadata":{"emulator":{"name":"functions"},"function":{"name":"us-central1-loadAssetActivationInfo"},"extension":{},"message":"[runtime-status] [68199] No callable functions auth found"}}
[info] >  Session init success {"user":"Session init success","metadata":{"emulator":{"name":"functions"},"function":{"name":"us-central1-loadAssetActivationInfo"},"extension":{},"message":"\u001b[90m> \u001b[39m Session init success"}}
[info] >  loadAssetInfo { {"user":"loadAssetInfo {","metadata":{"emulator":{"name":"functions"},"function":{"name":"us-central1-loadAssetActivationInfo"},"extension":{},"message":"\u001b[90m> \u001b[39m loadAssetInfo {"}}
[info] >    MajorCode: '000', {"user":"  MajorCode: '000',","metadata":{"emulator":{"name":"functions"},"function":{"name":"us-central1-loadAssetActivationInfo"},"extension":{},"message":"\u001b[90m> \u001b[39m   MajorCode: '000',"}}
[info] >    MinorCode: '0000', {"user":"  MinorCode: '0000',","metadata":{"emulator":{"name":"functions"},"function":{"name":"us-central1-loadAssetActivationInfo"},"extension":{},"message":"\u001b[90m> \u001b[39m   MinorCode: '0000',"}}
[info] >    Data: { {"user":"  Data: {","metadata":{"emulator":{"name":"functions"},"function":{"name":"us-central1-loadAssetActivationInfo"},"extension":{},"message":"\u001b[90m> \u001b[39m   Data: {"}}
[info] >      Name: 'ReconoGPS Agent', {"user":"    Name: 'ReconoGPS Agent',","metadata":{"emulator":{"name":"functions"},"function":{"name":"us-central1-loadAssetActivationInfo"},"extension":{},"message":"\u001b[90m> \u001b[39m     Name: 'ReconoGPS Agent',"}}
[info] >      Token: 'c6406310-3acb-4944-b8ec-02bba22c1dc7', {"user":"    Token: 'c6406310-3acb-4944-b8ec-02bba22c1dc7',","metadata":{"emulator":{"name":"functions"},"function":{"name":"us-central1-loadAssetActivationInfo"},"extension":{},"message":"\u001b[90m> \u001b[39m     Token: 'c6406310-3acb-4944-b8ec-02bba22c1dc7',"}}
[info] >      Assets: [ [Object] ], {"user":"    Assets: [ [Object] ],","metadata":{"emulator":{"name":"functions"},"function":{"name":"us-central1-loadAssetActivationInfo"},"extension":{},"message":"\u001b[90m> \u001b[39m     Assets: [ [Object] ],"}}
[info] >      Email: 'admin@reconogps.com' {"user":"    Email: 'admin@reconogps.com'","metadata":{"emulator":{"name":"functions"},"function":{"name":"us-central1-loadAssetActivationInfo"},"extension":{},"message":"\u001b[90m> \u001b[39m     Email: 'admin@reconogps.com'"}}
[info] >    } {"user":"  }","metadata":{"emulator":{"name":"functions"},"function":{"name":"us-central1-loadAssetActivationInfo"},"extension":{},"message":"\u001b[90m> \u001b[39m   }"}}
[info] >  } {"user":"}","metadata":{"emulator":{"name":"functions"},"function":{"name":"us-central1-loadAssetActivationInfo"},"extension":{},"message":"\u001b[90m> \u001b[39m }"}}
[info] >  c6406310-3acb-4944-b8ec-02bba22c1dc7 0868450045012661 4GQTLTE500+ {"user":"c6406310-3acb-4944-b8ec-02bba22c1dc7 0868450045012661 4GQTLTE500+","metadata":{"emulator":{"name":"functions"},"function":{"name":"us-central1-loadAssetActivationInfo"},"extension":{},"message":"\u001b[90m> \u001b[39m c6406310-3acb-4944-b8ec-02bba22c1dc7 0868450045012661 4GQTLTE500+"}}
[info] >  loadAssetActivationInfo { {"user":"loadAssetActivationInfo {","metadata":{"emulator":{"name":"functions"},"function":{"name":"us-central1-loadAssetActivationInfo"},"extension":{},"message":"\u001b[90m> \u001b[39m loadAssetActivationInfo {"}}
[info] >    MajorCode: '000', {"user":"  MajorCode: '000',","metadata":{"emulator":{"name":"functions"},"function":{"name":"us-central1-loadAssetActivationInfo"},"extension":{},"message":"\u001b[90m> \u001b[39m   MajorCode: '000',"}}
[info] >    MinorCode: '0000', {"user":"  MinorCode: '0000',","metadata":{"emulator":{"name":"functions"},"function":{"name":"us-central1-loadAssetActivationInfo"},"extension":{},"message":"\u001b[90m> \u001b[39m   MinorCode: '0000',"}}
[info] >    Data: { {"user":"  Data: {","metadata":{"emulator":{"name":"functions"},"function":{"name":"us-central1-loadAssetActivationInfo"},"extension":{},"message":"\u001b[90m> \u001b[39m   Data: {"}}
[info] >      ServiceProfiles: [ {"user":"    ServiceProfiles: [","metadata":{"emulator":{"name":"functions"},"function":{"name":"us-central1-loadAssetActivationInfo"},"extension":{},"message":"\u001b[90m> \u001b[39m     ServiceProfiles: ["}}
[info] >        [Object], [Object], {"user":"      [Object], [Object],","metadata":{"emulator":{"name":"functions"},"function":{"name":"us-central1-loadAssetActivationInfo"},"extension":{},"message":"\u001b[90m> \u001b[39m       [Object], [Object],"}}
[info] >        [Object], [Object], {"user":"      [Object], [Object],","metadata":{"emulator":{"name":"functions"},"function":{"name":"us-central1-loadAssetActivationInfo"},"extension":{},"message":"\u001b[90m> \u001b[39m       [Object], [Object],"}}
[info] >        [Object], [Object], {"user":"      [Object], [Object],","metadata":{"emulator":{"name":"functions"},"function":{"name":"us-central1-loadAssetActivationInfo"},"extension":{},"message":"\u001b[90m> \u001b[39m       [Object], [Object],"}}
[info] >        [Object], [Object] {"user":"      [Object], [Object]","metadata":{"emulator":{"name":"functions"},"function":{"name":"us-central1-loadAssetActivationInfo"},"extension":{},"message":"\u001b[90m> \u001b[39m       [Object], [Object]"}}
[info] >      ], {"user":"    ],","metadata":{"emulator":{"name":"functions"},"function":{"name":"us-central1-loadAssetActivationInfo"},"extension":{},"message":"\u001b[90m> \u001b[39m     ],"}}
[info] >      Solutions: [ [Object], [Object], [Object], [Object] ], {"user":"    Solutions: [ [Object], [Object], [Object], [Object] ],","metadata":{"emulator":{"name":"functions"},"function":{"name":"us-central1-loadAssetActivationInfo"},"extension":{},"message":"\u001b[90m> \u001b[39m     Solutions: [ [Object], [Object], [Object], [Object] ],"}}
[info] >      Products: [ [Object] ], {"user":"    Products: [ [Object] ],","metadata":{"emulator":{"name":"functions"},"function":{"name":"us-central1-loadAssetActivationInfo"},"extension":{},"message":"\u001b[90m> \u001b[39m     Products: [ [Object] ],"}}
[info] >      AssetTypes: [ {"user":"    AssetTypes: [","metadata":{"emulator":{"name":"functions"},"function":{"name":"us-central1-loadAssetActivationInfo"},"extension":{},"message":"\u001b[90m> \u001b[39m     AssetTypes: ["}}
[info] >        'Forklift',            'Other', {"user":"      'Forklift',            'Other',","metadata":{"emulator":{"name":"functions"},"function":{"name":"us-central1-loadAssetActivationInfo"},"extension":{},"message":"\u001b[90m> \u001b[39m       'Forklift',            'Other',"}}
[info] >        'Jetski',              'Car', {"user":"      'Jetski',              'Car',","metadata":{"emulator":{"name":"functions"},"function":{"name":"us-central1-loadAssetActivationInfo"},"extension":{},"message":"\u001b[90m> \u001b[39m       'Jetski',              'Car',"}}
[info] >        'Plant and Equipment', 'Caravan', {"user":"      'Plant and Equipment', 'Caravan',","metadata":{"emulator":{"name":"functions"},"function":{"name":"us-central1-loadAssetActivationInfo"},"extension":{},"message":"\u001b[90m> \u001b[39m       'Plant and Equipment', 'Caravan',"}}
[info] >        'Bus',                 'Bike', {"user":"      'Bus',                 'Bike',","metadata":{"emulator":{"name":"functions"},"function":{"name":"us-central1-loadAssetActivationInfo"},"extension":{},"message":"\u001b[90m> \u001b[39m       'Bus',                 'Bike',"}}
[info] >        'Trailer',             'Containor', {"user":"      'Trailer',             'Containor',","metadata":{"emulator":{"name":"functions"},"function":{"name":"us-central1-loadAssetActivationInfo"},"extension":{},"message":"\u001b[90m> \u001b[39m       'Trailer',             'Containor',"}}
[info] >        'Pick-up',             'Personal', {"user":"      'Pick-up',             'Personal',","metadata":{"emulator":{"name":"functions"},"function":{"name":"us-central1-loadAssetActivationInfo"},"extension":{},"message":"\u001b[90m> \u001b[39m       'Pick-up',             'Personal',"}}
[info] >        'Pet',                 'WiTi', {"user":"      'Pet',                 'WiTi',","metadata":{"emulator":{"name":"functions"},"function":{"name":"us-central1-loadAssetActivationInfo"},"extension":{},"message":"\u001b[90m> \u001b[39m       'Pet',                 'WiTi',"}}
[info] >        'Dump Truck',          'Truck', {"user":"      'Dump Truck',          'Truck',","metadata":{"emulator":{"name":"functions"},"function":{"name":"us-central1-loadAssetActivationInfo"},"extension":{},"message":"\u001b[90m> \u001b[39m       'Dump Truck',          'Truck',"}}
[info] >        'Boat',                'SUV' {"user":"      'Boat',                'SUV'","metadata":{"emulator":{"name":"functions"},"function":{"name":"us-central1-loadAssetActivationInfo"},"extension":{},"message":"\u001b[90m> \u001b[39m       'Boat',                'SUV'"}}
[info] >      ], {"user":"    ],","metadata":{"emulator":{"name":"functions"},"function":{"name":"us-central1-loadAssetActivationInfo"},"extension":{},"message":"\u001b[90m> \u001b[39m     ],"}}
[info] >      AssetGroups: [] {"user":"    AssetGroups: []","metadata":{"emulator":{"name":"functions"},"function":{"name":"us-central1-loadAssetActivationInfo"},"extension":{},"message":"\u001b[90m> \u001b[39m     AssetGroups: []"}}
[info] >    } {"user":"  }","metadata":{"emulator":{"name":"functions"},"function":{"name":"us-central1-loadAssetActivationInfo"},"extension":{},"message":"\u001b[90m> \u001b[39m   }"}}
[info] >  } {"user":"}","metadata":{"emulator":{"name":"functions"},"function":{"name":"us-central1-loadAssetActivationInfo"},"extension":{},"message":"\u001b[90m> \u001b[39m }"}}
[debug] [2023-04-01T19:28:55.950Z] [worker-us-central1-loadAssetActivationInfo-b43be25a-b05b-4db2-92ff-fdd07e0e3673]: IDLE {"metadata":{"emulator":{"name":"functions"},"message":"[worker-us-central1-loadAssetActivationInfo-b43be25a-b05b-4db2-92ff-fdd07e0e3673]: IDLE"}}
[debug] [2023-04-01T19:28:55.950Z] [work-queue] {"queuedWork":[],"queueLength":0,"runningWork":[],"workRunningCount":0}
[info] i  functions: Finished "loadAssetActivationInfo" in 2560.587459ms {"metadata":{"emulator":{"name":"functions"},"function":{"name":"us-central1-loadAssetActivationInfo"},"extension":{},"message":"Finished \"loadAssetActivationInfo\" in 2560.587459ms"}}
[debug] [2023-04-01T19:29:04.471Z] [work-queue] {"queuedWork":["/reconogps/us-central1/fetchSubscriptionProducts-2023-04-01T19:29:04.471Z"],"queueLength":1,"runningWork":[],"workRunningCount":0}
[debug] [2023-04-01T19:29:04.472Z] [work-queue] {"queuedWork":[],"queueLength":0,"runningWork":["/reconogps/us-central1/fetchSubscriptionProducts-2023-04-01T19:29:04.471Z"],"workRunningCount":1}
[debug] [2023-04-01T19:29:04.473Z] Accepted request POST /reconogps/us-central1/fetchSubscriptionProducts --> us-central1-fetchSubscriptionProducts
[debug] [2023-04-01T19:29:04.487Z] [functions] Runtime ready! Sending request! {"metadata":{"emulator":{"name":"functions"},"message":"[functions] Runtime ready! Sending request!"}}
[debug] [2023-04-01T19:29:04.488Z] [functions] Got req.url=/reconogps/us-central1/fetchSubscriptionProducts, mapping to path=/ {"metadata":{"emulator":{"name":"functions"},"message":"[functions] Got req.url=/reconogps/us-central1/fetchSubscriptionProducts, mapping to path=/"}}
[debug] [2023-04-01T19:29:04.512Z] [worker-pool] addWorker(us-central1-fetchSubscriptionProducts) {"metadata":{"emulator":{"name":"functions"},"message":"[worker-pool] addWorker(us-central1-fetchSubscriptionProducts)"}}
[debug] [2023-04-01T19:29:04.513Z] [worker-pool] Adding worker with key us-central1-fetchSubscriptionProducts, total=1 {"metadata":{"emulator":{"name":"functions"},"message":"[worker-pool] Adding worker with key us-central1-fetchSubscriptionProducts, total=1"}}
[debug] [2023-04-01T19:29:05.224Z] [runtime-status] [68213] Resolved module firebase-admin {"declared":true,"installed":true,"version":"10.3.0","resolution":"/Users/morgantrudeau/projects/recono/functions/node_modules/firebase-admin/lib/index.js"} {"metadata":{"emulator":{"name":"functions"},"function":{"name":"us-central1-fetchSubscriptionProducts"},"extension":{},"message":"[runtime-status] [68213] Resolved module firebase-admin {\"declared\":true,\"installed\":true,\"version\":\"10.3.0\",\"resolution\":\"/Users/morgantrudeau/projects/recono/functions/node_modules/firebase-admin/lib/index.js\"}"}}
[debug] [2023-04-01T19:29:05.224Z] [runtime-status] [68213] Resolved module firebase-functions {"declared":true,"installed":true,"version":"3.24.1","resolution":"/Users/morgantrudeau/projects/recono/functions/node_modules/firebase-functions/lib/index.js"} {"metadata":{"emulator":{"name":"functions"},"function":{"name":"us-central1-fetchSubscriptionProducts"},"extension":{},"message":"[runtime-status] [68213] Resolved module firebase-functions {\"declared\":true,\"installed\":true,\"version\":\"3.24.1\",\"resolution\":\"/Users/morgantrudeau/projects/recono/functions/node_modules/firebase-functions/lib/index.js\"}"}}
[debug] [2023-04-01T19:29:05.225Z] [runtime-status] [68213] Found local functions config: /Users/morgantrudeau/projects/recono/functions/.runtimeconfig.json {"metadata":{"emulator":{"name":"functions"},"function":{"name":"us-central1-fetchSubscriptionProducts"},"extension":{},"message":"[runtime-status] [68213] Found local functions config: /Users/morgantrudeau/projects/recono/functions/.runtimeconfig.json"}}
[debug] [2023-04-01T19:29:05.225Z] [runtime-status] [68213] Outgoing network have been stubbed. [{"name":"http","status":"mocked"},{"name":"http","status":"mocked"},{"name":"https","status":"mocked"},{"name":"https","status":"mocked"},{"name":"net","status":"mocked"}] {"metadata":{"emulator":{"name":"functions"},"function":{"name":"us-central1-fetchSubscriptionProducts"},"extension":{},"message":"[runtime-status] [68213] Outgoing network have been stubbed. [{\"name\":\"http\",\"status\":\"mocked\"},{\"name\":\"http\",\"status\":\"mocked\"},{\"name\":\"https\",\"status\":\"mocked\"},{\"name\":\"https\",\"status\":\"mocked\"},{\"name\":\"net\",\"status\":\"mocked\"}]"}}
[debug] [2023-04-01T19:29:05.225Z] [runtime-status] [68213] Resolved module firebase-functions {"declared":true,"installed":true,"version":"3.24.1","resolution":"/Users/morgantrudeau/projects/recono/functions/node_modules/firebase-functions/lib/index.js"} {"metadata":{"emulator":{"name":"functions"},"function":{"name":"us-central1-fetchSubscriptionProducts"},"extension":{},"message":"[runtime-status] [68213] Resolved module firebase-functions {\"declared\":true,\"installed\":true,\"version\":\"3.24.1\",\"resolution\":\"/Users/morgantrudeau/projects/recono/functions/node_modules/firebase-functions/lib/index.js\"}"}}
[debug] [2023-04-01T19:29:05.252Z] [runtime-status] [68213] Checked functions.config() {"config":{"auth":{"password":"Lollipop0!","account":"reconogps"},"account":{"dealer_token":"c6406310-3acb-4944-b8ec-02bba22c1dc7"},"stripe":{"secret_key":"sk_test_51M1LLjCDBFeHvOGCX81BMHvCrfS2bN2OU9WimgZSF8PvoaWCLRkBFvmCMyrEvrGNB2Bqb6XJjE0YFOzdnG7Z0PQC00CMTms5Mu"}}} {"metadata":{"emulator":{"name":"functions"},"function":{"name":"us-central1-fetchSubscriptionProducts"},"extension":{},"message":"[runtime-status] [68213] Checked functions.config() {\"config\":{\"auth\":{\"password\":\"Lollipop0!\",\"account\":\"reconogps\"},\"account\":{\"dealer_token\":\"c6406310-3acb-4944-b8ec-02bba22c1dc7\"},\"stripe\":{\"secret_key\":\"sk_test_51M1LLjCDBFeHvOGCX81BMHvCrfS2bN2OU9WimgZSF8PvoaWCLRkBFvmCMyrEvrGNB2Bqb6XJjE0YFOzdnG7Z0PQC00CMTms5Mu\"}}}"}}
[debug] [2023-04-01T19:29:05.252Z] [runtime-status] [68213] firebase-functions has been stubbed. {"functionsResolution":{"declared":true,"installed":true,"version":"3.24.1","resolution":"/Users/morgantrudeau/projects/recono/functions/node_modules/firebase-functions/lib/index.js"}} {"metadata":{"emulator":{"name":"functions"},"function":{"name":"us-central1-fetchSubscriptionProducts"},"extension":{},"message":"[runtime-status] [68213] firebase-functions has been stubbed. {\"functionsResolution\":{\"declared\":true,\"installed\":true,\"version\":\"3.24.1\",\"resolution\":\"/Users/morgantrudeau/projects/recono/functions/node_modules/firebase-functions/lib/index.js\"}}"}}
[debug] [2023-04-01T19:29:05.253Z] [runtime-status] [68213] Resolved module firebase-functions {"declared":true,"installed":true,"version":"3.24.1","resolution":"/Users/morgantrudeau/projects/recono/functions/node_modules/firebase-functions/lib/index.js"} {"metadata":{"emulator":{"name":"functions"},"function":{"name":"us-central1-fetchSubscriptionProducts"},"extension":{},"message":"[runtime-status] [68213] Resolved module firebase-functions {\"declared\":true,\"installed\":true,\"version\":\"3.24.1\",\"resolution\":\"/Users/morgantrudeau/projects/recono/functions/node_modules/firebase-functions/lib/index.js\"}"}}
[debug] [2023-04-01T19:29:05.253Z] [runtime-status] [68213] Resolved module firebase-admin {"declared":true,"installed":true,"version":"10.3.0","resolution":"/Users/morgantrudeau/projects/recono/functions/node_modules/firebase-admin/lib/index.js"} {"metadata":{"emulator":{"name":"functions"},"function":{"name":"us-central1-fetchSubscriptionProducts"},"extension":{},"message":"[runtime-status] [68213] Resolved module firebase-admin {\"declared\":true,\"installed\":true,\"version\":\"10.3.0\",\"resolution\":\"/Users/morgantrudeau/projects/recono/functions/node_modules/firebase-admin/lib/index.js\"}"}}
[debug] [2023-04-01T19:29:05.253Z] [runtime-status] [68213] Resolved module firebase-functions {"declared":true,"installed":true,"version":"3.24.1","resolution":"/Users/morgantrudeau/projects/recono/functions/node_modules/firebase-functions/lib/index.js"} {"metadata":{"emulator":{"name":"functions"},"function":{"name":"us-central1-fetchSubscriptionProducts"},"extension":{},"message":"[runtime-status] [68213] Resolved module firebase-functions {\"declared\":true,\"installed\":true,\"version\":\"3.24.1\",\"resolution\":\"/Users/morgantrudeau/projects/recono/functions/node_modules/firebase-functions/lib/index.js\"}"}}
[debug] [2023-04-01T19:29:05.253Z] [runtime-status] [68213] firebase-admin has been stubbed. {"adminResolution":{"declared":true,"installed":true,"version":"10.3.0","resolution":"/Users/morgantrudeau/projects/recono/functions/node_modules/firebase-admin/lib/index.js"}} {"metadata":{"emulator":{"name":"functions"},"function":{"name":"us-central1-fetchSubscriptionProducts"},"extension":{},"message":"[runtime-status] [68213] firebase-admin has been stubbed. {\"adminResolution\":{\"declared\":true,\"installed\":true,\"version\":\"10.3.0\",\"resolution\":\"/Users/morgantrudeau/projects/recono/functions/node_modules/firebase-admin/lib/index.js\"}}"}}
[debug] [2023-04-01T19:29:05.306Z] [runtime-status] [68213] Functions runtime initialized. {"cwd":"/Users/morgantrudeau/projects/recono/functions","node_version":"14.18.2"} {"metadata":{"emulator":{"name":"functions"},"function":{"name":"us-central1-fetchSubscriptionProducts"},"extension":{},"message":"[runtime-status] [68213] Functions runtime initialized. {\"cwd\":\"/Users/morgantrudeau/projects/recono/functions\",\"node_version\":\"14.18.2\"}"}}
[debug] [2023-04-01T19:29:05.306Z] [runtime-status] [68213] Listening to port: /var/folders/7l/50fxw1192011nfd1jz8m99pw0000gn/T/fire_emu_25e2c438c0600835.sock {"metadata":{"emulator":{"name":"functions"},"function":{"name":"us-central1-fetchSubscriptionProducts"},"extension":{},"message":"[runtime-status] [68213] Listening to port: /var/folders/7l/50fxw1192011nfd1jz8m99pw0000gn/T/fire_emu_25e2c438c0600835.sock"}}
[debug] [2023-04-01T19:29:05.330Z] [worker-us-central1-fetchSubscriptionProducts-6eacf43e-a1cb-4c4e-8727-96067f5595fa]: IDLE {"metadata":{"emulator":{"name":"functions"},"message":"[worker-us-central1-fetchSubscriptionProducts-6eacf43e-a1cb-4c4e-8727-96067f5595fa]: IDLE"}}
[debug] [2023-04-01T19:29:05.331Z] [worker-pool] submitRequest(triggerId=us-central1-fetchSubscriptionProducts) {"metadata":{"emulator":{"name":"functions"},"message":"[worker-pool] submitRequest(triggerId=us-central1-fetchSubscriptionProducts)"}}
[debug] [2023-04-01T19:29:05.331Z] [worker-us-central1-fetchSubscriptionProducts-6eacf43e-a1cb-4c4e-8727-96067f5595fa]: BUSY {"metadata":{"emulator":{"name":"functions"},"message":"[worker-us-central1-fetchSubscriptionProducts-6eacf43e-a1cb-4c4e-8727-96067f5595fa]: BUSY"}}
[info] i  functions: Beginning execution of "fetchSubscriptionProducts" {"metadata":{"emulator":{"name":"functions"},"function":{"name":"us-central1-fetchSubscriptionProducts"},"extension":{},"message":"Beginning execution of \"fetchSubscriptionProducts\""}}
[info] >  {"verifications":{"app":"MISSING","auth":"MISSING"},"logging.googleapis.com/labels":{"firebase-log-type":"callable-request-verification"},"severity":"INFO","message":"Callable request verification passed"} {"user":{"verifications":{"app":"MISSING","auth":"MISSING"},"logging.googleapis.com/labels":{"firebase-log-type":"callable-request-verification"},"severity":"INFO","message":"Callable request verification passed"},"metadata":{"emulator":{"name":"functions"},"function":{"name":"us-central1-fetchSubscriptionProducts"},"extension":{},"message":"\u001b[90m> \u001b[39m {\"verifications\":{\"app\":\"MISSING\",\"auth\":\"MISSING\"},\"logging.googleapis.com/labels\":{\"firebase-log-type\":\"callable-request-verification\"},\"severity\":\"INFO\",\"message\":\"Callable request verification passed\"}"}}
[debug] [2023-04-01T19:29:05.341Z] [runtime-status] [68213] No callable functions auth found {"metadata":{"emulator":{"name":"functions"},"function":{"name":"us-central1-fetchSubscriptionProducts"},"extension":{},"message":"[runtime-status] [68213] No callable functions auth found"}}
[debug] [2023-04-01T19:29:05.599Z] [worker-us-central1-fetchSubscriptionProducts-6eacf43e-a1cb-4c4e-8727-96067f5595fa]: IDLE {"metadata":{"emulator":{"name":"functions"},"message":"[worker-us-central1-fetchSubscriptionProducts-6eacf43e-a1cb-4c4e-8727-96067f5595fa]: IDLE"}}
[debug] [2023-04-01T19:29:05.600Z] [work-queue] {"queuedWork":[],"queueLength":0,"runningWork":[],"workRunningCount":0}
[info] i  functions: Finished "fetchSubscriptionProducts" in 258.463416ms {"metadata":{"emulator":{"name":"functions"},"function":{"name":"us-central1-fetchSubscriptionProducts"},"extension":{},"message":"Finished \"fetchSubscriptionProducts\" in 258.463416ms"}}
[debug] [2023-04-01T19:29:05.623Z] [work-queue] {"queuedWork":["/reconogps/us-central1/createSubscriptionPaymentIntent-2023-04-01T19:29:05.623Z"],"queueLength":1,"runningWork":[],"workRunningCount":0}
[debug] [2023-04-01T19:29:05.624Z] [work-queue] {"queuedWork":[],"queueLength":0,"runningWork":["/reconogps/us-central1/createSubscriptionPaymentIntent-2023-04-01T19:29:05.623Z"],"workRunningCount":1}
[debug] [2023-04-01T19:29:05.624Z] Accepted request POST /reconogps/us-central1/createSubscriptionPaymentIntent --> us-central1-createSubscriptionPaymentIntent
[debug] [2023-04-01T19:29:05.629Z] [functions] Runtime ready! Sending request! {"metadata":{"emulator":{"name":"functions"},"message":"[functions] Runtime ready! Sending request!"}}
[debug] [2023-04-01T19:29:05.630Z] [functions] Got req.url=/reconogps/us-central1/createSubscriptionPaymentIntent, mapping to path=/ {"metadata":{"emulator":{"name":"functions"},"message":"[functions] Got req.url=/reconogps/us-central1/createSubscriptionPaymentIntent, mapping to path=/"}}
[debug] [2023-04-01T19:29:05.652Z] [worker-pool] addWorker(us-central1-createSubscriptionPaymentIntent) {"metadata":{"emulator":{"name":"functions"},"message":"[worker-pool] addWorker(us-central1-createSubscriptionPaymentIntent)"}}
[debug] [2023-04-01T19:29:05.653Z] [worker-pool] Adding worker with key us-central1-createSubscriptionPaymentIntent, total=1 {"metadata":{"emulator":{"name":"functions"},"message":"[worker-pool] Adding worker with key us-central1-createSubscriptionPaymentIntent, total=1"}}
[debug] [2023-04-01T19:29:06.203Z] [runtime-status] [68217] Resolved module firebase-admin {"declared":true,"installed":true,"version":"10.3.0","resolution":"/Users/morgantrudeau/projects/recono/functions/node_modules/firebase-admin/lib/index.js"} {"metadata":{"emulator":{"name":"functions"},"function":{"name":"us-central1-createSubscriptionPaymentIntent"},"extension":{},"message":"[runtime-status] [68217] Resolved module firebase-admin {\"declared\":true,\"installed\":true,\"version\":\"10.3.0\",\"resolution\":\"/Users/morgantrudeau/projects/recono/functions/node_modules/firebase-admin/lib/index.js\"}"}}
[debug] [2023-04-01T19:29:06.203Z] [runtime-status] [68217] Resolved module firebase-functions {"declared":true,"installed":true,"version":"3.24.1","resolution":"/Users/morgantrudeau/projects/recono/functions/node_modules/firebase-functions/lib/index.js"} {"metadata":{"emulator":{"name":"functions"},"function":{"name":"us-central1-createSubscriptionPaymentIntent"},"extension":{},"message":"[runtime-status] [68217] Resolved module firebase-functions {\"declared\":true,\"installed\":true,\"version\":\"3.24.1\",\"resolution\":\"/Users/morgantrudeau/projects/recono/functions/node_modules/firebase-functions/lib/index.js\"}"}}
[debug] [2023-04-01T19:29:06.204Z] [runtime-status] [68217] Found local functions config: /Users/morgantrudeau/projects/recono/functions/.runtimeconfig.json {"metadata":{"emulator":{"name":"functions"},"function":{"name":"us-central1-createSubscriptionPaymentIntent"},"extension":{},"message":"[runtime-status] [68217] Found local functions config: /Users/morgantrudeau/projects/recono/functions/.runtimeconfig.json"}}
[debug] [2023-04-01T19:29:06.204Z] [runtime-status] [68217] Outgoing network have been stubbed. [{"name":"http","status":"mocked"},{"name":"http","status":"mocked"},{"name":"https","status":"mocked"},{"name":"https","status":"mocked"},{"name":"net","status":"mocked"}] {"metadata":{"emulator":{"name":"functions"},"function":{"name":"us-central1-createSubscriptionPaymentIntent"},"extension":{},"message":"[runtime-status] [68217] Outgoing network have been stubbed. [{\"name\":\"http\",\"status\":\"mocked\"},{\"name\":\"http\",\"status\":\"mocked\"},{\"name\":\"https\",\"status\":\"mocked\"},{\"name\":\"https\",\"status\":\"mocked\"},{\"name\":\"net\",\"status\":\"mocked\"}]"}}
[debug] [2023-04-01T19:29:06.204Z] [runtime-status] [68217] Resolved module firebase-functions {"declared":true,"installed":true,"version":"3.24.1","resolution":"/Users/morgantrudeau/projects/recono/functions/node_modules/firebase-functions/lib/index.js"} {"metadata":{"emulator":{"name":"functions"},"function":{"name":"us-central1-createSubscriptionPaymentIntent"},"extension":{},"message":"[runtime-status] [68217] Resolved module firebase-functions {\"declared\":true,\"installed\":true,\"version\":\"3.24.1\",\"resolution\":\"/Users/morgantrudeau/projects/recono/functions/node_modules/firebase-functions/lib/index.js\"}"}}
[debug] [2023-04-01T19:29:06.224Z] [runtime-status] [68217] Checked functions.config() {"config":{"auth":{"password":"Lollipop0!","account":"reconogps"},"account":{"dealer_token":"c6406310-3acb-4944-b8ec-02bba22c1dc7"},"stripe":{"secret_key":"sk_test_51M1LLjCDBFeHvOGCX81BMHvCrfS2bN2OU9WimgZSF8PvoaWCLRkBFvmCMyrEvrGNB2Bqb6XJjE0YFOzdnG7Z0PQC00CMTms5Mu"}}} {"metadata":{"emulator":{"name":"functions"},"function":{"name":"us-central1-createSubscriptionPaymentIntent"},"extension":{},"message":"[runtime-status] [68217] Checked functions.config() {\"config\":{\"auth\":{\"password\":\"Lollipop0!\",\"account\":\"reconogps\"},\"account\":{\"dealer_token\":\"c6406310-3acb-4944-b8ec-02bba22c1dc7\"},\"stripe\":{\"secret_key\":\"sk_test_51M1LLjCDBFeHvOGCX81BMHvCrfS2bN2OU9WimgZSF8PvoaWCLRkBFvmCMyrEvrGNB2Bqb6XJjE0YFOzdnG7Z0PQC00CMTms5Mu\"}}}"}}
[debug] [2023-04-01T19:29:06.224Z] [runtime-status] [68217] firebase-functions has been stubbed. {"functionsResolution":{"declared":true,"installed":true,"version":"3.24.1","resolution":"/Users/morgantrudeau/projects/recono/functions/node_modules/firebase-functions/lib/index.js"}} {"metadata":{"emulator":{"name":"functions"},"function":{"name":"us-central1-createSubscriptionPaymentIntent"},"extension":{},"message":"[runtime-status] [68217] firebase-functions has been stubbed. {\"functionsResolution\":{\"declared\":true,\"installed\":true,\"version\":\"3.24.1\",\"resolution\":\"/Users/morgantrudeau/projects/recono/functions/node_modules/firebase-functions/lib/index.js\"}}"}}
[debug] [2023-04-01T19:29:06.224Z] [runtime-status] [68217] Resolved module firebase-functions {"declared":true,"installed":true,"version":"3.24.1","resolution":"/Users/morgantrudeau/projects/recono/functions/node_modules/firebase-functions/lib/index.js"} {"metadata":{"emulator":{"name":"functions"},"function":{"name":"us-central1-createSubscriptionPaymentIntent"},"extension":{},"message":"[runtime-status] [68217] Resolved module firebase-functions {\"declared\":true,\"installed\":true,\"version\":\"3.24.1\",\"resolution\":\"/Users/morgantrudeau/projects/recono/functions/node_modules/firebase-functions/lib/index.js\"}"}}
[debug] [2023-04-01T19:29:06.224Z] [runtime-status] [68217] Resolved module firebase-admin {"declared":true,"installed":true,"version":"10.3.0","resolution":"/Users/morgantrudeau/projects/recono/functions/node_modules/firebase-admin/lib/index.js"} {"metadata":{"emulator":{"name":"functions"},"function":{"name":"us-central1-createSubscriptionPaymentIntent"},"extension":{},"message":"[runtime-status] [68217] Resolved module firebase-admin {\"declared\":true,\"installed\":true,\"version\":\"10.3.0\",\"resolution\":\"/Users/morgantrudeau/projects/recono/functions/node_modules/firebase-admin/lib/index.js\"}"}}
[debug] [2023-04-01T19:29:06.225Z] [runtime-status] [68217] Resolved module firebase-functions {"declared":true,"installed":true,"version":"3.24.1","resolution":"/Users/morgantrudeau/projects/recono/functions/node_modules/firebase-functions/lib/index.js"} {"metadata":{"emulator":{"name":"functions"},"function":{"name":"us-central1-createSubscriptionPaymentIntent"},"extension":{},"message":"[runtime-status] [68217] Resolved module firebase-functions {\"declared\":true,\"installed\":true,\"version\":\"3.24.1\",\"resolution\":\"/Users/morgantrudeau/projects/recono/functions/node_modules/firebase-functions/lib/index.js\"}"}}
[debug] [2023-04-01T19:29:06.225Z] [runtime-status] [68217] firebase-admin has been stubbed. {"adminResolution":{"declared":true,"installed":true,"version":"10.3.0","resolution":"/Users/morgantrudeau/projects/recono/functions/node_modules/firebase-admin/lib/index.js"}} {"metadata":{"emulator":{"name":"functions"},"function":{"name":"us-central1-createSubscriptionPaymentIntent"},"extension":{},"message":"[runtime-status] [68217] firebase-admin has been stubbed. {\"adminResolution\":{\"declared\":true,\"installed\":true,\"version\":\"10.3.0\",\"resolution\":\"/Users/morgantrudeau/projects/recono/functions/node_modules/firebase-admin/lib/index.js\"}}"}}
[debug] [2023-04-01T19:29:06.267Z] [runtime-status] [68217] Functions runtime initialized. {"cwd":"/Users/morgantrudeau/projects/recono/functions","node_version":"14.18.2"} {"metadata":{"emulator":{"name":"functions"},"function":{"name":"us-central1-createSubscriptionPaymentIntent"},"extension":{},"message":"[runtime-status] [68217] Functions runtime initialized. {\"cwd\":\"/Users/morgantrudeau/projects/recono/functions\",\"node_version\":\"14.18.2\"}"}}
[debug] [2023-04-01T19:29:06.268Z] [runtime-status] [68217] Listening to port: /var/folders/7l/50fxw1192011nfd1jz8m99pw0000gn/T/fire_emu_1600fee5ba8f0fca.sock {"metadata":{"emulator":{"name":"functions"},"function":{"name":"us-central1-createSubscriptionPaymentIntent"},"extension":{},"message":"[runtime-status] [68217] Listening to port: /var/folders/7l/50fxw1192011nfd1jz8m99pw0000gn/T/fire_emu_1600fee5ba8f0fca.sock"}}
[debug] [2023-04-01T19:29:06.370Z] [worker-us-central1-createSubscriptionPaymentIntent-c04435a9-b48e-49a7-b9c6-7a67f8f21123]: IDLE {"metadata":{"emulator":{"name":"functions"},"message":"[worker-us-central1-createSubscriptionPaymentIntent-c04435a9-b48e-49a7-b9c6-7a67f8f21123]: IDLE"}}
[debug] [2023-04-01T19:29:06.371Z] [worker-pool] submitRequest(triggerId=us-central1-createSubscriptionPaymentIntent) {"metadata":{"emulator":{"name":"functions"},"message":"[worker-pool] submitRequest(triggerId=us-central1-createSubscriptionPaymentIntent)"}}
[debug] [2023-04-01T19:29:06.371Z] [worker-us-central1-createSubscriptionPaymentIntent-c04435a9-b48e-49a7-b9c6-7a67f8f21123]: BUSY {"metadata":{"emulator":{"name":"functions"},"message":"[worker-us-central1-createSubscriptionPaymentIntent-c04435a9-b48e-49a7-b9c6-7a67f8f21123]: BUSY"}}
[info] i  functions: Beginning execution of "createSubscriptionPaymentIntent" {"metadata":{"emulator":{"name":"functions"},"function":{"name":"us-central1-createSubscriptionPaymentIntent"},"extension":{},"message":"Beginning execution of \"createSubscriptionPaymentIntent\""}}
[info] >  {"verifications":{"app":"MISSING","auth":"MISSING"},"logging.googleapis.com/labels":{"firebase-log-type":"callable-request-verification"},"severity":"INFO","message":"Callable request verification passed"} {"user":{"verifications":{"app":"MISSING","auth":"MISSING"},"logging.googleapis.com/labels":{"firebase-log-type":"callable-request-verification"},"severity":"INFO","message":"Callable request verification passed"},"metadata":{"emulator":{"name":"functions"},"function":{"name":"us-central1-createSubscriptionPaymentIntent"},"extension":{},"message":"\u001b[90m> \u001b[39m {\"verifications\":{\"app\":\"MISSING\",\"auth\":\"MISSING\"},\"logging.googleapis.com/labels\":{\"firebase-log-type\":\"callable-request-verification\"},\"severity\":\"INFO\",\"message\":\"Callable request verification passed\"}"}}
[debug] [2023-04-01T19:29:06.384Z] [runtime-status] [68217] No callable functions auth found {"metadata":{"emulator":{"name":"functions"},"function":{"name":"us-central1-createSubscriptionPaymentIntent"},"extension":{},"message":"[runtime-status] [68217] No callable functions auth found"}}
[info] >  Price param:  { id: 'price_1MrnbECDBFeHvOGCvwNAHbFY', quantity: 1 } {"user":"Price param:  { id: 'price_1MrnbECDBFeHvOGCvwNAHbFY', quantity: 1 }","metadata":{"emulator":{"name":"functions"},"function":{"name":"us-central1-createSubscriptionPaymentIntent"},"extension":{},"message":"\u001b[90m> \u001b[39m Price param:  { id: 'price_1MrnbECDBFeHvOGCvwNAHbFY', quantity: 1 }"}}
[info] >  Subscription price:  { id: 'price_1MrnbECDBFeHvOGCvwNAHbFY', quantity: 1 } {"user":"Subscription price:  { id: 'price_1MrnbECDBFeHvOGCvwNAHbFY', quantity: 1 }","metadata":{"emulator":{"name":"functions"},"function":{"name":"us-central1-createSubscriptionPaymentIntent"},"extension":{},"message":"\u001b[90m> \u001b[39m Subscription price:  { id: 'price_1MrnbECDBFeHvOGCvwNAHbFY', quantity: 1 }"}}
[info] >  Pending subscription:  sub_1MrsnlCDBFeHvOGC2quaEcrC {"user":"Pending subscription:  sub_1MrsnlCDBFeHvOGC2quaEcrC","metadata":{"emulator":{"name":"functions"},"function":{"name":"us-central1-createSubscriptionPaymentIntent"},"extension":{},"message":"\u001b[90m> \u001b[39m Pending subscription:  sub_1MrsnlCDBFeHvOGC2quaEcrC"}}
[debug] [2023-04-01T19:29:07.132Z] [worker-us-central1-createSubscriptionPaymentIntent-c04435a9-b48e-49a7-b9c6-7a67f8f21123]: IDLE {"metadata":{"emulator":{"name":"functions"},"message":"[worker-us-central1-createSubscriptionPaymentIntent-c04435a9-b48e-49a7-b9c6-7a67f8f21123]: IDLE"}}
[debug] [2023-04-01T19:29:07.133Z] [work-queue] {"queuedWork":[],"queueLength":0,"runningWork":[],"workRunningCount":0}
[info] i  functions: Finished "createSubscriptionPaymentIntent" in 738.654209ms {"metadata":{"emulator":{"name":"functions"},"function":{"name":"us-central1-createSubscriptionPaymentIntent"},"extension":{},"message":"Finished \"createSubscriptionPaymentIntent\" in 738.654209ms"}}
